[2014-09-25 11:57:22] production.ERROR: exception 'InvalidArgumentException' with message 'View [project] not found.' in /var/www/oboli/bootstrap/compiled.php:9429
Stack trace:
#0 /var/www/oboli/bootstrap/compiled.php(9402): Illuminate\View\FileViewFinder->findInPaths('project', Array)
#1 /var/www/oboli/vendor/laravel/framework/src/Illuminate/View/Factory.php(124): Illuminate\View\FileViewFinder->find('project')
#2 /var/www/oboli/bootstrap/compiled.php(3243): Illuminate\View\Factory->make('project')
#3 /var/www/oboli/app/controllers/NgoController.php(35): Illuminate\Support\Facades\Facade::__callStatic('make', Array)
#4 /var/www/oboli/app/controllers/NgoController.php(35): Illuminate\Support\Facades\View::make('project')
#5 [internal function]: NgoController->showDetails('1')
#6 /var/www/oboli/vendor/laravel/framework/src/Illuminate/Routing/Controller.php(231): call_user_func_array(Array, Array)
#7 /var/www/oboli/bootstrap/compiled.php(5799): Illuminate\Routing\Controller->callAction('showDetails', Array)
#8 /var/www/oboli/bootstrap/compiled.php(5787): Illuminate\Routing\ControllerDispatcher->call(Object(NgoController), Object(Illuminate\Routing\Route), 'showDetails')
#9 /var/www/oboli/bootstrap/compiled.php(4986): Illuminate\Routing\ControllerDispatcher->dispatch(Object(Illuminate\Routing\Route), Object(Illuminate\Http\Request), 'NgoController', 'showDetails')
#10 [internal function]: Illuminate\Routing\Router->Illuminate\Routing\{closure}('1')
#11 /var/www/oboli/bootstrap/compiled.php(5345): call_user_func_array(Object(Closure), Array)
#12 /var/www/oboli/bootstrap/compiled.php(5011): Illuminate\Routing\Route->run(Object(Illuminate\Http\Request))
#13 /var/www/oboli/bootstrap/compiled.php(4999): Illuminate\Routing\Router->dispatchToRoute(Object(Illuminate\Http\Request))
#14 /var/www/oboli/bootstrap/compiled.php(722): Illuminate\Routing\Router->dispatch(Object(Illuminate\Http\Request))
#15 /var/www/oboli/bootstrap/compiled.php(703): Illuminate\Foundation\Application->dispatch(Object(Illuminate\Http\Request))
#16 /var/www/oboli/bootstrap/compiled.php(7763): Illuminate\Foundation\Application->handle(Object(Illuminate\Http\Request), 1, true)
#17 /var/www/oboli/bootstrap/compiled.php(8370): Illuminate\Session\Middleware->handle(Object(Illuminate\Http\Request), 1, true)
#18 /var/www/oboli/bootstrap/compiled.php(8317): Illuminate\Cookie\Queue->handle(Object(Illuminate\Http\Request), 1, true)
#19 /var/www/oboli/bootstrap/compiled.php(10955): Illuminate\Cookie\Guard->handle(Object(Illuminate\Http\Request), 1, true)
#20 /var/www/oboli/bootstrap/compiled.php(664): Stack\StackedHttpKernel->handle(Object(Illuminate\Http\Request))
#21 /var/www/oboli/public/index.php(49): Illuminate\Foundation\Application->run()
#22 {main} [] []
[2014-09-25 11:59:32] production.ERROR: exception 'InvalidArgumentException' with message 'View [project] not found.' in /var/www/oboli/bootstrap/compiled.php:9429
Stack trace:
#0 /var/www/oboli/bootstrap/compiled.php(9402): Illuminate\View\FileViewFinder->findInPaths('project', Array)
#1 /var/www/oboli/vendor/laravel/framework/src/Illuminate/View/Factory.php(124): Illuminate\View\FileViewFinder->find('project')
#2 /var/www/oboli/bootstrap/compiled.php(3243): Illuminate\View\Factory->make('project')
#3 /var/www/oboli/app/controllers/NgoController.php(35): Illuminate\Support\Facades\Facade::__callStatic('make', Array)
#4 /var/www/oboli/app/controllers/NgoController.php(35): Illuminate\Support\Facades\View::make('project')
#5 [internal function]: NgoController->showDetails('1')
#6 /var/www/oboli/vendor/laravel/framework/src/Illuminate/Routing/Controller.php(231): call_user_func_array(Array, Array)
#7 /var/www/oboli/bootstrap/compiled.php(5799): Illuminate\Routing\Controller->callAction('showDetails', Array)
#8 /var/www/oboli/bootstrap/compiled.php(5787): Illuminate\Routing\ControllerDispatcher->call(Object(NgoController), Object(Illuminate\Routing\Route), 'showDetails')
#9 /var/www/oboli/bootstrap/compiled.php(4986): Illuminate\Routing\ControllerDispatcher->dispatch(Object(Illuminate\Routing\Route), Object(Illuminate\Http\Request), 'NgoController', 'showDetails')
#10 [internal function]: Illuminate\Routing\Router->Illuminate\Routing\{closure}('1')
#11 /var/www/oboli/bootstrap/compiled.php(5345): call_user_func_array(Object(Closure), Array)
#12 /var/www/oboli/bootstrap/compiled.php(5011): Illuminate\Routing\Route->run(Object(Illuminate\Http\Request))
#13 /var/www/oboli/bootstrap/compiled.php(4999): Illuminate\Routing\Router->dispatchToRoute(Object(Illuminate\Http\Request))
#14 /var/www/oboli/bootstrap/compiled.php(722): Illuminate\Routing\Router->dispatch(Object(Illuminate\Http\Request))
#15 /var/www/oboli/bootstrap/compiled.php(703): Illuminate\Foundation\Application->dispatch(Object(Illuminate\Http\Request))
#16 /var/www/oboli/bootstrap/compiled.php(7763): Illuminate\Foundation\Application->handle(Object(Illuminate\Http\Request), 1, true)
#17 /var/www/oboli/bootstrap/compiled.php(8370): Illuminate\Session\Middleware->handle(Object(Illuminate\Http\Request), 1, true)
#18 /var/www/oboli/bootstrap/compiled.php(8317): Illuminate\Cookie\Queue->handle(Object(Illuminate\Http\Request), 1, true)
#19 /var/www/oboli/bootstrap/compiled.php(10955): Illuminate\Cookie\Guard->handle(Object(Illuminate\Http\Request), 1, true)
#20 /var/www/oboli/bootstrap/compiled.php(664): Stack\StackedHttpKernel->handle(Object(Illuminate\Http\Request))
#21 /var/www/oboli/public/index.php(49): Illuminate\Foundation\Application->run()
#22 {main} [] []
[2014-09-25 12:00:21] production.ERROR: exception 'InvalidArgumentException' with message 'View [ngos] not found.' in /var/www/oboli/bootstrap/compiled.php:9429
Stack trace:
#0 /var/www/oboli/bootstrap/compiled.php(9402): Illuminate\View\FileViewFinder->findInPaths('ngos', Array)
#1 /var/www/oboli/vendor/laravel/framework/src/Illuminate/View/Factory.php(124): Illuminate\View\FileViewFinder->find('ngos')
#2 /var/www/oboli/bootstrap/compiled.php(3243): Illuminate\View\Factory->make('ngos')
#3 /var/www/oboli/app/controllers/NgoController.php(17): Illuminate\Support\Facades\Facade::__callStatic('make', Array)
#4 /var/www/oboli/app/controllers/NgoController.php(17): Illuminate\Support\Facades\View::make('ngos')
#5 [internal function]: NgoController->showAll()
#6 /var/www/oboli/vendor/laravel/framework/src/Illuminate/Routing/Controller.php(231): call_user_func_array(Array, Array)
#7 /var/www/oboli/bootstrap/compiled.php(5799): Illuminate\Routing\Controller->callAction('showAll', Array)
#8 /var/www/oboli/bootstrap/compiled.php(5787): Illuminate\Routing\ControllerDispatcher->call(Object(NgoController), Object(Illuminate\Routing\Route), 'showAll')
#9 /var/www/oboli/bootstrap/compiled.php(4986): Illuminate\Routing\ControllerDispatcher->dispatch(Object(Illuminate\Routing\Route), Object(Illuminate\Http\Request), 'NgoController', 'showAll')
#10 [internal function]: Illuminate\Routing\Router->Illuminate\Routing\{closure}()
#11 /var/www/oboli/bootstrap/compiled.php(5345): call_user_func_array(Object(Closure), Array)
#12 /var/www/oboli/bootstrap/compiled.php(5011): Illuminate\Routing\Route->run(Object(Illuminate\Http\Request))
#13 /var/www/oboli/bootstrap/compiled.php(4999): Illuminate\Routing\Router->dispatchToRoute(Object(Illuminate\Http\Request))
#14 /var/www/oboli/bootstrap/compiled.php(722): Illuminate\Routing\Router->dispatch(Object(Illuminate\Http\Request))
#15 /var/www/oboli/bootstrap/compiled.php(703): Illuminate\Foundation\Application->dispatch(Object(Illuminate\Http\Request))
#16 /var/www/oboli/bootstrap/compiled.php(7763): Illuminate\Foundation\Application->handle(Object(Illuminate\Http\Request), 1, true)
#17 /var/www/oboli/bootstrap/compiled.php(8370): Illuminate\Session\Middleware->handle(Object(Illuminate\Http\Request), 1, true)
#18 /var/www/oboli/bootstrap/compiled.php(8317): Illuminate\Cookie\Queue->handle(Object(Illuminate\Http\Request), 1, true)
#19 /var/www/oboli/bootstrap/compiled.php(10955): Illuminate\Cookie\Guard->handle(Object(Illuminate\Http\Request), 1, true)
#20 /var/www/oboli/bootstrap/compiled.php(664): Stack\StackedHttpKernel->handle(Object(Illuminate\Http\Request))
#21 /var/www/oboli/public/index.php(49): Illuminate\Foundation\Application->run()
#22 {main} [] []
[2014-09-25 12:03:06] production.ERROR: exception 'ErrorException' with message 'Undefined variable: projects' in /var/www/oboli/app/storage/views/15319513460cf7987e41d10e01a59d76:22
Stack trace:
#0 /var/www/oboli/app/storage/views/15319513460cf7987e41d10e01a59d76(22): Illuminate\Exception\Handler->handleError(8, 'Undefined varia...', '/var/www/oboli/...', 22, Array)
#1 /var/www/oboli/bootstrap/compiled.php(9798): include('/var/www/oboli/...')
#2 /var/www/oboli/vendor/laravel/framework/src/Illuminate/View/Engines/CompilerEngine.php(56): Illuminate\View\Engines\PhpEngine->evaluatePath('/var/www/oboli/...', Array)
#3 /var/www/oboli/bootstrap/compiled.php(9676): Illuminate\View\Engines\CompilerEngine->get('/var/www/oboli/...', Array)
#4 /var/www/oboli/bootstrap/compiled.php(9663): Illuminate\View\View->getContents()
#5 /var/www/oboli/bootstrap/compiled.php(9654): Illuminate\View\View->renderContents()
#6 /var/www/oboli/bootstrap/compiled.php(10355): Illuminate\View\View->render()
#7 /var/www/oboli/bootstrap/compiled.php(9886): Illuminate\Http\Response->setContent(Object(Illuminate\View\View))
#8 /var/www/oboli/bootstrap/compiled.php(5205): Symfony\Component\HttpFoundation\Response->__construct(Object(Illuminate\View\View))
#9 /var/www/oboli/bootstrap/compiled.php(5013): Illuminate\Routing\Router->prepareResponse(Object(Illuminate\Http\Request), Object(Illuminate\View\View))
#10 /var/www/oboli/bootstrap/compiled.php(4999): Illuminate\Routing\Router->dispatchToRoute(Object(Illuminate\Http\Request))
#11 /var/www/oboli/bootstrap/compiled.php(722): Illuminate\Routing\Router->dispatch(Object(Illuminate\Http\Request))
#12 /var/www/oboli/bootstrap/compiled.php(703): Illuminate\Foundation\Application->dispatch(Object(Illuminate\Http\Request))
#13 /var/www/oboli/bootstrap/compiled.php(7763): Illuminate\Foundation\Application->handle(Object(Illuminate\Http\Request), 1, true)
#14 /var/www/oboli/bootstrap/compiled.php(8370): Illuminate\Session\Middleware->handle(Object(Illuminate\Http\Request), 1, true)
#15 /var/www/oboli/bootstrap/compiled.php(8317): Illuminate\Cookie\Queue->handle(Object(Illuminate\Http\Request), 1, true)
#16 /var/www/oboli/bootstrap/compiled.php(10955): Illuminate\Cookie\Guard->handle(Object(Illuminate\Http\Request), 1, true)
#17 /var/www/oboli/bootstrap/compiled.php(664): Stack\StackedHttpKernel->handle(Object(Illuminate\Http\Request))
#18 /var/www/oboli/public/index.php(49): Illuminate\Foundation\Application->run()
#19 {main}

Next exception 'ErrorException' with message 'Undefined variable: projects (View: /var/www/oboli/app/views/ngos.blade.php)' in /var/www/oboli/app/storage/views/15319513460cf7987e41d10e01a59d76:22
Stack trace:
#0 /var/www/oboli/bootstrap/compiled.php(9800): Illuminate\View\Engines\CompilerEngine->handleViewException(Object(ErrorException), 1)
#1 /var/www/oboli/vendor/laravel/framework/src/Illuminate/View/Engines/CompilerEngine.php(56): Illuminate\View\Engines\PhpEngine->evaluatePath('/var/www/oboli/...', Array)
#2 /var/www/oboli/bootstrap/compiled.php(9676): Illuminate\View\Engines\CompilerEngine->get('/var/www/oboli/...', Array)
#3 /var/www/oboli/bootstrap/compiled.php(9663): Illuminate\View\View->getContents()
#4 /var/www/oboli/bootstrap/compiled.php(9654): Illuminate\View\View->renderContents()
#5 /var/www/oboli/bootstrap/compiled.php(10355): Illuminate\View\View->render()
#6 /var/www/oboli/bootstrap/compiled.php(9886): Illuminate\Http\Response->setContent(Object(Illuminate\View\View))
#7 /var/www/oboli/bootstrap/compiled.php(5205): Symfony\Component\HttpFoundation\Response->__construct(Object(Illuminate\View\View))
#8 /var/www/oboli/bootstrap/compiled.php(5013): Illuminate\Routing\Router->prepareResponse(Object(Illuminate\Http\Request), Object(Illuminate\View\View))
#9 /var/www/oboli/bootstrap/compiled.php(4999): Illuminate\Routing\Router->dispatchToRoute(Object(Illuminate\Http\Request))
#10 /var/www/oboli/bootstrap/compiled.php(722): Illuminate\Routing\Router->dispatch(Object(Illuminate\Http\Request))
#11 /var/www/oboli/bootstrap/compiled.php(703): Illuminate\Foundation\Application->dispatch(Object(Illuminate\Http\Request))
#12 /var/www/oboli/bootstrap/compiled.php(7763): Illuminate\Foundation\Application->handle(Object(Illuminate\Http\Request), 1, true)
#13 /var/www/oboli/bootstrap/compiled.php(8370): Illuminate\Session\Middleware->handle(Object(Illuminate\Http\Request), 1, true)
#14 /var/www/oboli/bootstrap/compiled.php(8317): Illuminate\Cookie\Queue->handle(Object(Illuminate\Http\Request), 1, true)
#15 /var/www/oboli/bootstrap/compiled.php(10955): Illuminate\Cookie\Guard->handle(Object(Illuminate\Http\Request), 1, true)
#16 /var/www/oboli/bootstrap/compiled.php(664): Stack\StackedHttpKernel->handle(Object(Illuminate\Http\Request))
#17 /var/www/oboli/public/index.php(49): Illuminate\Foundation\Application->run()
#18 {main} [] []
[2014-09-25 12:04:30] production.ERROR: exception 'BadMethodCallException' with message 'Call to undefined method Illuminate\Database\Query\Builder::getId()' in /var/www/oboli/vendor/laravel/framework/src/Illuminate/Database/Query/Builder.php:2117
Stack trace:
#0 [internal function]: Illuminate\Database\Query\Builder->__call('getId', Array)
#1 [internal function]: Illuminate\Database\Query\Builder->getId()
#2 /var/www/oboli/vendor/laravel/framework/src/Illuminate/Database/Eloquent/Builder.php(913): call_user_func_array(Array, Array)
#3 [internal function]: Illuminate\Database\Eloquent\Builder->__call('getId', Array)
#4 [internal function]: Illuminate\Database\Eloquent\Builder->getId()
#5 /var/www/oboli/bootstrap/compiled.php(7464): call_user_func_array(Array, Array)
#6 /var/www/oboli/app/storage/views/1f7f8d36429c7743bfac3ddc3deec08c(23): Illuminate\Database\Eloquent\Model->__call('getId', Array)
#7 /var/www/oboli/app/storage/views/1f7f8d36429c7743bfac3ddc3deec08c(23): Code->getId()
#8 /var/www/oboli/bootstrap/compiled.php(9798): include('/var/www/oboli/...')
#9 /var/www/oboli/vendor/laravel/framework/src/Illuminate/View/Engines/CompilerEngine.php(56): Illuminate\View\Engines\PhpEngine->evaluatePath('/var/www/oboli/...', Array)
#10 /var/www/oboli/bootstrap/compiled.php(9676): Illuminate\View\Engines\CompilerEngine->get('/var/www/oboli/...', Array)
#11 /var/www/oboli/bootstrap/compiled.php(9663): Illuminate\View\View->getContents()
#12 /var/www/oboli/bootstrap/compiled.php(9654): Illuminate\View\View->renderContents()
#13 /var/www/oboli/bootstrap/compiled.php(10355): Illuminate\View\View->render()
#14 /var/www/oboli/bootstrap/compiled.php(9886): Illuminate\Http\Response->setContent(Object(Illuminate\View\View))
#15 /var/www/oboli/bootstrap/compiled.php(5205): Symfony\Component\HttpFoundation\Response->__construct(Object(Illuminate\View\View))
#16 /var/www/oboli/bootstrap/compiled.php(5013): Illuminate\Routing\Router->prepareResponse(Object(Illuminate\Http\Request), Object(Illuminate\View\View))
#17 /var/www/oboli/bootstrap/compiled.php(4999): Illuminate\Routing\Router->dispatchToRoute(Object(Illuminate\Http\Request))
#18 /var/www/oboli/bootstrap/compiled.php(722): Illuminate\Routing\Router->dispatch(Object(Illuminate\Http\Request))
#19 /var/www/oboli/bootstrap/compiled.php(703): Illuminate\Foundation\Application->dispatch(Object(Illuminate\Http\Request))
#20 /var/www/oboli/bootstrap/compiled.php(7763): Illuminate\Foundation\Application->handle(Object(Illuminate\Http\Request), 1, true)
#21 /var/www/oboli/bootstrap/compiled.php(8370): Illuminate\Session\Middleware->handle(Object(Illuminate\Http\Request), 1, true)
#22 /var/www/oboli/bootstrap/compiled.php(8317): Illuminate\Cookie\Queue->handle(Object(Illuminate\Http\Request), 1, true)
#23 /var/www/oboli/bootstrap/compiled.php(10955): Illuminate\Cookie\Guard->handle(Object(Illuminate\Http\Request), 1, true)
#24 /var/www/oboli/bootstrap/compiled.php(664): Stack\StackedHttpKernel->handle(Object(Illuminate\Http\Request))
#25 /var/www/oboli/public/index.php(49): Illuminate\Foundation\Application->run()
#26 {main}

Next exception 'ErrorException' with message 'Call to undefined method Illuminate\Database\Query\Builder::getId() (View: /var/www/oboli/app/views/codes.blade.php)' in /var/www/oboli/vendor/laravel/framework/src/Illuminate/Database/Query/Builder.php:2117
Stack trace:
#0 /var/www/oboli/bootstrap/compiled.php(9800): Illuminate\View\Engines\CompilerEngine->handleViewException(Object(BadMethodCallException), 1)
#1 /var/www/oboli/vendor/laravel/framework/src/Illuminate/View/Engines/CompilerEngine.php(56): Illuminate\View\Engines\PhpEngine->evaluatePath('/var/www/oboli/...', Array)
#2 /var/www/oboli/bootstrap/compiled.php(9676): Illuminate\View\Engines\CompilerEngine->get('/var/www/oboli/...', Array)
#3 /var/www/oboli/bootstrap/compiled.php(9663): Illuminate\View\View->getContents()
#4 /var/www/oboli/bootstrap/compiled.php(9654): Illuminate\View\View->renderContents()
#5 /var/www/oboli/bootstrap/compiled.php(10355): Illuminate\View\View->render()
#6 /var/www/oboli/bootstrap/compiled.php(9886): Illuminate\Http\Response->setContent(Object(Illuminate\View\View))
#7 /var/www/oboli/bootstrap/compiled.php(5205): Symfony\Component\HttpFoundation\Response->__construct(Object(Illuminate\View\View))
#8 /var/www/oboli/bootstrap/compiled.php(5013): Illuminate\Routing\Router->prepareResponse(Object(Illuminate\Http\Request), Object(Illuminate\View\View))
#9 /var/www/oboli/bootstrap/compiled.php(4999): Illuminate\Routing\Router->dispatchToRoute(Object(Illuminate\Http\Request))
#10 /var/www/oboli/bootstrap/compiled.php(722): Illuminate\Routing\Router->dispatch(Object(Illuminate\Http\Request))
#11 /var/www/oboli/bootstrap/compiled.php(703): Illuminate\Foundation\Application->dispatch(Object(Illuminate\Http\Request))
#12 /var/www/oboli/bootstrap/compiled.php(7763): Illuminate\Foundation\Application->handle(Object(Illuminate\Http\Request), 1, true)
#13 /var/www/oboli/bootstrap/compiled.php(8370): Illuminate\Session\Middleware->handle(Object(Illuminate\Http\Request), 1, true)
#14 /var/www/oboli/bootstrap/compiled.php(8317): Illuminate\Cookie\Queue->handle(Object(Illuminate\Http\Request), 1, true)
#15 /var/www/oboli/bootstrap/compiled.php(10955): Illuminate\Cookie\Guard->handle(Object(Illuminate\Http\Request), 1, true)
#16 /var/www/oboli/bootstrap/compiled.php(664): Stack\StackedHttpKernel->handle(Object(Illuminate\Http\Request))
#17 /var/www/oboli/public/index.php(49): Illuminate\Foundation\Application->run()
#18 {main} [] []
[2014-09-25 12:05:14] production.ERROR: exception 'BadMethodCallException' with message 'Call to undefined method Illuminate\Database\Query\Builder::getId()' in /var/www/oboli/vendor/laravel/framework/src/Illuminate/Database/Query/Builder.php:2117
Stack trace:
#0 [internal function]: Illuminate\Database\Query\Builder->__call('getId', Array)
#1 [internal function]: Illuminate\Database\Query\Builder->getId()
#2 /var/www/oboli/vendor/laravel/framework/src/Illuminate/Database/Eloquent/Builder.php(913): call_user_func_array(Array, Array)
#3 [internal function]: Illuminate\Database\Eloquent\Builder->__call('getId', Array)
#4 [internal function]: Illuminate\Database\Eloquent\Builder->getId()
#5 /var/www/oboli/bootstrap/compiled.php(7464): call_user_func_array(Array, Array)
#6 /var/www/oboli/app/storage/views/1f7f8d36429c7743bfac3ddc3deec08c(33): Illuminate\Database\Eloquent\Model->__call('getId', Array)
#7 /var/www/oboli/app/storage/views/1f7f8d36429c7743bfac3ddc3deec08c(33): Code->getId()
#8 /var/www/oboli/bootstrap/compiled.php(9798): include('/var/www/oboli/...')
#9 /var/www/oboli/vendor/laravel/framework/src/Illuminate/View/Engines/CompilerEngine.php(56): Illuminate\View\Engines\PhpEngine->evaluatePath('/var/www/oboli/...', Array)
#10 /var/www/oboli/bootstrap/compiled.php(9676): Illuminate\View\Engines\CompilerEngine->get('/var/www/oboli/...', Array)
#11 /var/www/oboli/bootstrap/compiled.php(9663): Illuminate\View\View->getContents()
#12 /var/www/oboli/bootstrap/compiled.php(9654): Illuminate\View\View->renderContents()
#13 /var/www/oboli/bootstrap/compiled.php(10355): Illuminate\View\View->render()
#14 /var/www/oboli/bootstrap/compiled.php(9886): Illuminate\Http\Response->setContent(Object(Illuminate\View\View))
#15 /var/www/oboli/bootstrap/compiled.php(5205): Symfony\Component\HttpFoundation\Response->__construct(Object(Illuminate\View\View))
#16 /var/www/oboli/bootstrap/compiled.php(5013): Illuminate\Routing\Router->prepareResponse(Object(Illuminate\Http\Request), Object(Illuminate\View\View))
#17 /var/www/oboli/bootstrap/compiled.php(4999): Illuminate\Routing\Router->dispatchToRoute(Object(Illuminate\Http\Request))
#18 /var/www/oboli/bootstrap/compiled.php(722): Illuminate\Routing\Router->dispatch(Object(Illuminate\Http\Request))
#19 /var/www/oboli/bootstrap/compiled.php(703): Illuminate\Foundation\Application->dispatch(Object(Illuminate\Http\Request))
#20 /var/www/oboli/bootstrap/compiled.php(7763): Illuminate\Foundation\Application->handle(Object(Illuminate\Http\Request), 1, true)
#21 /var/www/oboli/bootstrap/compiled.php(8370): Illuminate\Session\Middleware->handle(Object(Illuminate\Http\Request), 1, true)
#22 /var/www/oboli/bootstrap/compiled.php(8317): Illuminate\Cookie\Queue->handle(Object(Illuminate\Http\Request), 1, true)
#23 /var/www/oboli/bootstrap/compiled.php(10955): Illuminate\Cookie\Guard->handle(Object(Illuminate\Http\Request), 1, true)
#24 /var/www/oboli/bootstrap/compiled.php(664): Stack\StackedHttpKernel->handle(Object(Illuminate\Http\Request))
#25 /var/www/oboli/public/index.php(49): Illuminate\Foundation\Application->run()
#26 {main}

Next exception 'ErrorException' with message 'Call to undefined method Illuminate\Database\Query\Builder::getId() (View: /var/www/oboli/app/views/codes.blade.php)' in /var/www/oboli/vendor/laravel/framework/src/Illuminate/Database/Query/Builder.php:2117
Stack trace:
#0 /var/www/oboli/bootstrap/compiled.php(9800): Illuminate\View\Engines\CompilerEngine->handleViewException(Object(BadMethodCallException), 1)
#1 /var/www/oboli/vendor/laravel/framework/src/Illuminate/View/Engines/CompilerEngine.php(56): Illuminate\View\Engines\PhpEngine->evaluatePath('/var/www/oboli/...', Array)
#2 /var/www/oboli/bootstrap/compiled.php(9676): Illuminate\View\Engines\CompilerEngine->get('/var/www/oboli/...', Array)
#3 /var/www/oboli/bootstrap/compiled.php(9663): Illuminate\View\View->getContents()
#4 /var/www/oboli/bootstrap/compiled.php(9654): Illuminate\View\View->renderContents()
#5 /var/www/oboli/bootstrap/compiled.php(10355): Illuminate\View\View->render()
#6 /var/www/oboli/bootstrap/compiled.php(9886): Illuminate\Http\Response->setContent(Object(Illuminate\View\View))
#7 /var/www/oboli/bootstrap/compiled.php(5205): Symfony\Component\HttpFoundation\Response->__construct(Object(Illuminate\View\View))
#8 /var/www/oboli/bootstrap/compiled.php(5013): Illuminate\Routing\Router->prepareResponse(Object(Illuminate\Http\Request), Object(Illuminate\View\View))
#9 /var/www/oboli/bootstrap/compiled.php(4999): Illuminate\Routing\Router->dispatchToRoute(Object(Illuminate\Http\Request))
#10 /var/www/oboli/bootstrap/compiled.php(722): Illuminate\Routing\Router->dispatch(Object(Illuminate\Http\Request))
#11 /var/www/oboli/bootstrap/compiled.php(703): Illuminate\Foundation\Application->dispatch(Object(Illuminate\Http\Request))
#12 /var/www/oboli/bootstrap/compiled.php(7763): Illuminate\Foundation\Application->handle(Object(Illuminate\Http\Request), 1, true)
#13 /var/www/oboli/bootstrap/compiled.php(8370): Illuminate\Session\Middleware->handle(Object(Illuminate\Http\Request), 1, true)
#14 /var/www/oboli/bootstrap/compiled.php(8317): Illuminate\Cookie\Queue->handle(Object(Illuminate\Http\Request), 1, true)
#15 /var/www/oboli/bootstrap/compiled.php(10955): Illuminate\Cookie\Guard->handle(Object(Illuminate\Http\Request), 1, true)
#16 /var/www/oboli/bootstrap/compiled.php(664): Stack\StackedHttpKernel->handle(Object(Illuminate\Http\Request))
#17 /var/www/oboli/public/index.php(49): Illuminate\Foundation\Application->run()
#18 {main} [] []
[2014-09-25 12:05:15] production.ERROR: exception 'BadMethodCallException' with message 'Call to undefined method Illuminate\Database\Query\Builder::getId()' in /var/www/oboli/vendor/laravel/framework/src/Illuminate/Database/Query/Builder.php:2117
Stack trace:
#0 [internal function]: Illuminate\Database\Query\Builder->__call('getId', Array)
#1 [internal function]: Illuminate\Database\Query\Builder->getId()
#2 /var/www/oboli/vendor/laravel/framework/src/Illuminate/Database/Eloquent/Builder.php(913): call_user_func_array(Array, Array)
#3 [internal function]: Illuminate\Database\Eloquent\Builder->__call('getId', Array)
#4 [internal function]: Illuminate\Database\Eloquent\Builder->getId()
#5 /var/www/oboli/bootstrap/compiled.php(7464): call_user_func_array(Array, Array)
#6 /var/www/oboli/app/storage/views/1f7f8d36429c7743bfac3ddc3deec08c(33): Illuminate\Database\Eloquent\Model->__call('getId', Array)
#7 /var/www/oboli/app/storage/views/1f7f8d36429c7743bfac3ddc3deec08c(33): Code->getId()
#8 /var/www/oboli/bootstrap/compiled.php(9798): include('/var/www/oboli/...')
#9 /var/www/oboli/vendor/laravel/framework/src/Illuminate/View/Engines/CompilerEngine.php(56): Illuminate\View\Engines\PhpEngine->evaluatePath('/var/www/oboli/...', Array)
#10 /var/www/oboli/bootstrap/compiled.php(9676): Illuminate\View\Engines\CompilerEngine->get('/var/www/oboli/...', Array)
#11 /var/www/oboli/bootstrap/compiled.php(9663): Illuminate\View\View->getContents()
#12 /var/www/oboli/bootstrap/compiled.php(9654): Illuminate\View\View->renderContents()
#13 /var/www/oboli/bootstrap/compiled.php(10355): Illuminate\View\View->render()
#14 /var/www/oboli/bootstrap/compiled.php(9886): Illuminate\Http\Response->setContent(Object(Illuminate\View\View))
#15 /var/www/oboli/bootstrap/compiled.php(5205): Symfony\Component\HttpFoundation\Response->__construct(Object(Illuminate\View\View))
#16 /var/www/oboli/bootstrap/compiled.php(5013): Illuminate\Routing\Router->prepareResponse(Object(Illuminate\Http\Request), Object(Illuminate\View\View))
#17 /var/www/oboli/bootstrap/compiled.php(4999): Illuminate\Routing\Router->dispatchToRoute(Object(Illuminate\Http\Request))
#18 /var/www/oboli/bootstrap/compiled.php(722): Illuminate\Routing\Router->dispatch(Object(Illuminate\Http\Request))
#19 /var/www/oboli/bootstrap/compiled.php(703): Illuminate\Foundation\Application->dispatch(Object(Illuminate\Http\Request))
#20 /var/www/oboli/bootstrap/compiled.php(7763): Illuminate\Foundation\Application->handle(Object(Illuminate\Http\Request), 1, true)
#21 /var/www/oboli/bootstrap/compiled.php(8370): Illuminate\Session\Middleware->handle(Object(Illuminate\Http\Request), 1, true)
#22 /var/www/oboli/bootstrap/compiled.php(8317): Illuminate\Cookie\Queue->handle(Object(Illuminate\Http\Request), 1, true)
#23 /var/www/oboli/bootstrap/compiled.php(10955): Illuminate\Cookie\Guard->handle(Object(Illuminate\Http\Request), 1, true)
#24 /var/www/oboli/bootstrap/compiled.php(664): Stack\StackedHttpKernel->handle(Object(Illuminate\Http\Request))
#25 /var/www/oboli/public/index.php(49): Illuminate\Foundation\Application->run()
#26 {main}

Next exception 'ErrorException' with message 'Call to undefined method Illuminate\Database\Query\Builder::getId() (View: /var/www/oboli/app/views/codes.blade.php)' in /var/www/oboli/vendor/laravel/framework/src/Illuminate/Database/Query/Builder.php:2117
Stack trace:
#0 /var/www/oboli/bootstrap/compiled.php(9800): Illuminate\View\Engines\CompilerEngine->handleViewException(Object(BadMethodCallException), 1)
#1 /var/www/oboli/vendor/laravel/framework/src/Illuminate/View/Engines/CompilerEngine.php(56): Illuminate\View\Engines\PhpEngine->evaluatePath('/var/www/oboli/...', Array)
#2 /var/www/oboli/bootstrap/compiled.php(9676): Illuminate\View\Engines\CompilerEngine->get('/var/www/oboli/...', Array)
#3 /var/www/oboli/bootstrap/compiled.php(9663): Illuminate\View\View->getContents()
#4 /var/www/oboli/bootstrap/compiled.php(9654): Illuminate\View\View->renderContents()
#5 /var/www/oboli/bootstrap/compiled.php(10355): Illuminate\View\View->render()
#6 /var/www/oboli/bootstrap/compiled.php(9886): Illuminate\Http\Response->setContent(Object(Illuminate\View\View))
#7 /var/www/oboli/bootstrap/compiled.php(5205): Symfony\Component\HttpFoundation\Response->__construct(Object(Illuminate\View\View))
#8 /var/www/oboli/bootstrap/compiled.php(5013): Illuminate\Routing\Router->prepareResponse(Object(Illuminate\Http\Request), Object(Illuminate\View\View))
#9 /var/www/oboli/bootstrap/compiled.php(4999): Illuminate\Routing\Router->dispatchToRoute(Object(Illuminate\Http\Request))
#10 /var/www/oboli/bootstrap/compiled.php(722): Illuminate\Routing\Router->dispatch(Object(Illuminate\Http\Request))
#11 /var/www/oboli/bootstrap/compiled.php(703): Illuminate\Foundation\Application->dispatch(Object(Illuminate\Http\Request))
#12 /var/www/oboli/bootstrap/compiled.php(7763): Illuminate\Foundation\Application->handle(Object(Illuminate\Http\Request), 1, true)
#13 /var/www/oboli/bootstrap/compiled.php(8370): Illuminate\Session\Middleware->handle(Object(Illuminate\Http\Request), 1, true)
#14 /var/www/oboli/bootstrap/compiled.php(8317): Illuminate\Cookie\Queue->handle(Object(Illuminate\Http\Request), 1, true)
#15 /var/www/oboli/bootstrap/compiled.php(10955): Illuminate\Cookie\Guard->handle(Object(Illuminate\Http\Request), 1, true)
#16 /var/www/oboli/bootstrap/compiled.php(664): Stack\StackedHttpKernel->handle(Object(Illuminate\Http\Request))
#17 /var/www/oboli/public/index.php(49): Illuminate\Foundation\Application->run()
#18 {main} [] []
[2014-09-25 12:06:24] production.ERROR: exception 'BadMethodCallException' with message 'Call to undefined method Illuminate\Database\Query\Builder::getUser()' in /var/www/oboli/vendor/laravel/framework/src/Illuminate/Database/Query/Builder.php:2117
Stack trace:
#0 [internal function]: Illuminate\Database\Query\Builder->__call('getUser', Array)
#1 [internal function]: Illuminate\Database\Query\Builder->getUser()
#2 /var/www/oboli/vendor/laravel/framework/src/Illuminate/Database/Eloquent/Builder.php(913): call_user_func_array(Array, Array)
#3 [internal function]: Illuminate\Database\Eloquent\Builder->__call('getUser', Array)
#4 [internal function]: Illuminate\Database\Eloquent\Builder->getUser()
#5 /var/www/oboli/bootstrap/compiled.php(7464): call_user_func_array(Array, Array)
#6 /var/www/oboli/app/controllers/CodeController.php(8): Illuminate\Database\Eloquent\Model->__call('getUser', Array)
#7 /var/www/oboli/app/controllers/CodeController.php(8): Code->getUser()
#8 [internal function]: CodeController->useCode('54657IUedfi')
#9 /var/www/oboli/vendor/laravel/framework/src/Illuminate/Routing/Controller.php(231): call_user_func_array(Array, Array)
#10 /var/www/oboli/bootstrap/compiled.php(5799): Illuminate\Routing\Controller->callAction('useCode', Array)
#11 /var/www/oboli/bootstrap/compiled.php(5787): Illuminate\Routing\ControllerDispatcher->call(Object(CodeController), Object(Illuminate\Routing\Route), 'useCode')
#12 /var/www/oboli/bootstrap/compiled.php(4986): Illuminate\Routing\ControllerDispatcher->dispatch(Object(Illuminate\Routing\Route), Object(Illuminate\Http\Request), 'CodeController', 'useCode')
#13 [internal function]: Illuminate\Routing\Router->Illuminate\Routing\{closure}('54657IUedfi')
#14 /var/www/oboli/bootstrap/compiled.php(5345): call_user_func_array(Object(Closure), Array)
#15 /var/www/oboli/bootstrap/compiled.php(5011): Illuminate\Routing\Route->run(Object(Illuminate\Http\Request))
#16 /var/www/oboli/bootstrap/compiled.php(4999): Illuminate\Routing\Router->dispatchToRoute(Object(Illuminate\Http\Request))
#17 /var/www/oboli/bootstrap/compiled.php(722): Illuminate\Routing\Router->dispatch(Object(Illuminate\Http\Request))
#18 /var/www/oboli/bootstrap/compiled.php(703): Illuminate\Foundation\Application->dispatch(Object(Illuminate\Http\Request))
#19 /var/www/oboli/bootstrap/compiled.php(7763): Illuminate\Foundation\Application->handle(Object(Illuminate\Http\Request), 1, true)
#20 /var/www/oboli/bootstrap/compiled.php(8370): Illuminate\Session\Middleware->handle(Object(Illuminate\Http\Request), 1, true)
#21 /var/www/oboli/bootstrap/compiled.php(8317): Illuminate\Cookie\Queue->handle(Object(Illuminate\Http\Request), 1, true)
#22 /var/www/oboli/bootstrap/compiled.php(10955): Illuminate\Cookie\Guard->handle(Object(Illuminate\Http\Request), 1, true)
#23 /var/www/oboli/bootstrap/compiled.php(664): Stack\StackedHttpKernel->handle(Object(Illuminate\Http\Request))
#24 /var/www/oboli/public/index.php(49): Illuminate\Foundation\Application->run()
#25 {main} [] []
[2014-09-25 12:08:02] production.ERROR: exception 'BadMethodCallException' with message 'Call to undefined method Illuminate\Database\Query\Builder::getUser()' in /var/www/oboli/vendor/laravel/framework/src/Illuminate/Database/Query/Builder.php:2117
Stack trace:
#0 [internal function]: Illuminate\Database\Query\Builder->__call('getUser', Array)
#1 [internal function]: Illuminate\Database\Query\Builder->getUser()
#2 /var/www/oboli/vendor/laravel/framework/src/Illuminate/Database/Eloquent/Builder.php(913): call_user_func_array(Array, Array)
#3 [internal function]: Illuminate\Database\Eloquent\Builder->__call('getUser', Array)
#4 [internal function]: Illuminate\Database\Eloquent\Builder->getUser()
#5 /var/www/oboli/bootstrap/compiled.php(7464): call_user_func_array(Array, Array)
#6 /var/www/oboli/app/controllers/CodeController.php(8): Illuminate\Database\Eloquent\Model->__call('getUser', Array)
#7 /var/www/oboli/app/controllers/CodeController.php(8): Code->getUser()
#8 [internal function]: CodeController->useCode('54657IUedfi')
#9 /var/www/oboli/vendor/laravel/framework/src/Illuminate/Routing/Controller.php(231): call_user_func_array(Array, Array)
#10 /var/www/oboli/bootstrap/compiled.php(5799): Illuminate\Routing\Controller->callAction('useCode', Array)
#11 /var/www/oboli/bootstrap/compiled.php(5787): Illuminate\Routing\ControllerDispatcher->call(Object(CodeController), Object(Illuminate\Routing\Route), 'useCode')
#12 /var/www/oboli/bootstrap/compiled.php(4986): Illuminate\Routing\ControllerDispatcher->dispatch(Object(Illuminate\Routing\Route), Object(Illuminate\Http\Request), 'CodeController', 'useCode')
#13 [internal function]: Illuminate\Routing\Router->Illuminate\Routing\{closure}('54657IUedfi')
#14 /var/www/oboli/bootstrap/compiled.php(5345): call_user_func_array(Object(Closure), Array)
#15 /var/www/oboli/bootstrap/compiled.php(5011): Illuminate\Routing\Route->run(Object(Illuminate\Http\Request))
#16 /var/www/oboli/bootstrap/compiled.php(4999): Illuminate\Routing\Router->dispatchToRoute(Object(Illuminate\Http\Request))
#17 /var/www/oboli/bootstrap/compiled.php(722): Illuminate\Routing\Router->dispatch(Object(Illuminate\Http\Request))
#18 /var/www/oboli/bootstrap/compiled.php(703): Illuminate\Foundation\Application->dispatch(Object(Illuminate\Http\Request))
#19 /var/www/oboli/bootstrap/compiled.php(7763): Illuminate\Foundation\Application->handle(Object(Illuminate\Http\Request), 1, true)
#20 /var/www/oboli/bootstrap/compiled.php(8370): Illuminate\Session\Middleware->handle(Object(Illuminate\Http\Request), 1, true)
#21 /var/www/oboli/bootstrap/compiled.php(8317): Illuminate\Cookie\Queue->handle(Object(Illuminate\Http\Request), 1, true)
#22 /var/www/oboli/bootstrap/compiled.php(10955): Illuminate\Cookie\Guard->handle(Object(Illuminate\Http\Request), 1, true)
#23 /var/www/oboli/bootstrap/compiled.php(664): Stack\StackedHttpKernel->handle(Object(Illuminate\Http\Request))
#24 /var/www/oboli/public/index.php(49): Illuminate\Foundation\Application->run()
#25 {main} [] []
[2014-09-25 12:09:10] production.ERROR: exception 'Symfony\Component\HttpKernel\Exception\NotFoundHttpException' in /var/www/oboli/bootstrap/compiled.php:5702
Stack trace:
#0 /var/www/oboli/bootstrap/compiled.php(5019): Illuminate\Routing\RouteCollection->match(Object(Illuminate\Http\Request))
#1 /var/www/oboli/bootstrap/compiled.php(5007): Illuminate\Routing\Router->findRoute(Object(Illuminate\Http\Request))
#2 /var/www/oboli/bootstrap/compiled.php(4999): Illuminate\Routing\Router->dispatchToRoute(Object(Illuminate\Http\Request))
#3 /var/www/oboli/bootstrap/compiled.php(722): Illuminate\Routing\Router->dispatch(Object(Illuminate\Http\Request))
#4 /var/www/oboli/bootstrap/compiled.php(703): Illuminate\Foundation\Application->dispatch(Object(Illuminate\Http\Request))
#5 /var/www/oboli/bootstrap/compiled.php(7763): Illuminate\Foundation\Application->handle(Object(Illuminate\Http\Request), 1, true)
#6 /var/www/oboli/bootstrap/compiled.php(8370): Illuminate\Session\Middleware->handle(Object(Illuminate\Http\Request), 1, true)
#7 /var/www/oboli/bootstrap/compiled.php(8317): Illuminate\Cookie\Queue->handle(Object(Illuminate\Http\Request), 1, true)
#8 /var/www/oboli/bootstrap/compiled.php(10955): Illuminate\Cookie\Guard->handle(Object(Illuminate\Http\Request), 1, true)
#9 /var/www/oboli/bootstrap/compiled.php(664): Stack\StackedHttpKernel->handle(Object(Illuminate\Http\Request))
#10 /var/www/oboli/public/index.php(49): Illuminate\Foundation\Application->run()
#11 {main} [] []
[2014-09-25 12:09:10] production.ERROR: exception 'Symfony\Component\HttpKernel\Exception\NotFoundHttpException' in /var/www/oboli/bootstrap/compiled.php:5702
Stack trace:
#0 /var/www/oboli/bootstrap/compiled.php(5019): Illuminate\Routing\RouteCollection->match(Object(Illuminate\Http\Request))
#1 /var/www/oboli/bootstrap/compiled.php(5007): Illuminate\Routing\Router->findRoute(Object(Illuminate\Http\Request))
#2 /var/www/oboli/bootstrap/compiled.php(4999): Illuminate\Routing\Router->dispatchToRoute(Object(Illuminate\Http\Request))
#3 /var/www/oboli/bootstrap/compiled.php(722): Illuminate\Routing\Router->dispatch(Object(Illuminate\Http\Request))
#4 /var/www/oboli/bootstrap/compiled.php(703): Illuminate\Foundation\Application->dispatch(Object(Illuminate\Http\Request))
#5 /var/www/oboli/bootstrap/compiled.php(7763): Illuminate\Foundation\Application->handle(Object(Illuminate\Http\Request), 1, true)
#6 /var/www/oboli/bootstrap/compiled.php(8370): Illuminate\Session\Middleware->handle(Object(Illuminate\Http\Request), 1, true)
#7 /var/www/oboli/bootstrap/compiled.php(8317): Illuminate\Cookie\Queue->handle(Object(Illuminate\Http\Request), 1, true)
#8 /var/www/oboli/bootstrap/compiled.php(10955): Illuminate\Cookie\Guard->handle(Object(Illuminate\Http\Request), 1, true)
#9 /var/www/oboli/bootstrap/compiled.php(664): Stack\StackedHttpKernel->handle(Object(Illuminate\Http\Request))
#10 /var/www/oboli/public/index.php(49): Illuminate\Foundation\Application->run()
#11 {main} [] []
[2014-09-25 12:09:16] production.ERROR: exception 'Symfony\Component\HttpKernel\Exception\NotFoundHttpException' in /var/www/oboli/bootstrap/compiled.php:5702
Stack trace:
#0 /var/www/oboli/bootstrap/compiled.php(5019): Illuminate\Routing\RouteCollection->match(Object(Illuminate\Http\Request))
#1 /var/www/oboli/bootstrap/compiled.php(5007): Illuminate\Routing\Router->findRoute(Object(Illuminate\Http\Request))
#2 /var/www/oboli/bootstrap/compiled.php(4999): Illuminate\Routing\Router->dispatchToRoute(Object(Illuminate\Http\Request))
#3 /var/www/oboli/bootstrap/compiled.php(722): Illuminate\Routing\Router->dispatch(Object(Illuminate\Http\Request))
#4 /var/www/oboli/bootstrap/compiled.php(703): Illuminate\Foundation\Application->dispatch(Object(Illuminate\Http\Request))
#5 /var/www/oboli/bootstrap/compiled.php(7763): Illuminate\Foundation\Application->handle(Object(Illuminate\Http\Request), 1, true)
#6 /var/www/oboli/bootstrap/compiled.php(8370): Illuminate\Session\Middleware->handle(Object(Illuminate\Http\Request), 1, true)
#7 /var/www/oboli/bootstrap/compiled.php(8317): Illuminate\Cookie\Queue->handle(Object(Illuminate\Http\Request), 1, true)
#8 /var/www/oboli/bootstrap/compiled.php(10955): Illuminate\Cookie\Guard->handle(Object(Illuminate\Http\Request), 1, true)
#9 /var/www/oboli/bootstrap/compiled.php(664): Stack\StackedHttpKernel->handle(Object(Illuminate\Http\Request))
#10 /var/www/oboli/public/index.php(49): Illuminate\Foundation\Application->run()
#11 {main} [] []
[2014-09-25 12:09:16] production.ERROR: exception 'Symfony\Component\HttpKernel\Exception\NotFoundHttpException' in /var/www/oboli/bootstrap/compiled.php:5702
Stack trace:
#0 /var/www/oboli/bootstrap/compiled.php(5019): Illuminate\Routing\RouteCollection->match(Object(Illuminate\Http\Request))
#1 /var/www/oboli/bootstrap/compiled.php(5007): Illuminate\Routing\Router->findRoute(Object(Illuminate\Http\Request))
#2 /var/www/oboli/bootstrap/compiled.php(4999): Illuminate\Routing\Router->dispatchToRoute(Object(Illuminate\Http\Request))
#3 /var/www/oboli/bootstrap/compiled.php(722): Illuminate\Routing\Router->dispatch(Object(Illuminate\Http\Request))
#4 /var/www/oboli/bootstrap/compiled.php(703): Illuminate\Foundation\Application->dispatch(Object(Illuminate\Http\Request))
#5 /var/www/oboli/bootstrap/compiled.php(7763): Illuminate\Foundation\Application->handle(Object(Illuminate\Http\Request), 1, true)
#6 /var/www/oboli/bootstrap/compiled.php(8370): Illuminate\Session\Middleware->handle(Object(Illuminate\Http\Request), 1, true)
#7 /var/www/oboli/bootstrap/compiled.php(8317): Illuminate\Cookie\Queue->handle(Object(Illuminate\Http\Request), 1, true)
#8 /var/www/oboli/bootstrap/compiled.php(10955): Illuminate\Cookie\Guard->handle(Object(Illuminate\Http\Request), 1, true)
#9 /var/www/oboli/bootstrap/compiled.php(664): Stack\StackedHttpKernel->handle(Object(Illuminate\Http\Request))
#10 /var/www/oboli/public/index.php(49): Illuminate\Foundation\Application->run()
#11 {main} [] []
[2014-09-25 12:09:22] production.ERROR: exception 'Symfony\Component\Debug\Exception\FatalErrorException' with message 'syntax error, unexpected '0' (T_LNUMBER), expecting variable (T_VARIABLE) or '$'' in /var/www/oboli/app/controllers/AuthController.php:53
Stack trace:
#0 [internal function]: Illuminate\Exception\Handler->handleShutdown()
#1 {main} [] []
[2014-09-25 12:10:01] production.ERROR: exception 'ErrorException' with message 'Trying to get property of non-object' in /var/www/oboli/app/controllers/AuthController.php:172
Stack trace:
#0 /var/www/oboli/app/controllers/AuthController.php(172): Illuminate\Exception\Handler->handleError(8, 'Trying to get p...', '/var/www/oboli/...', 172, Array)
#1 [internal function]: AuthController->manageFacebookCallback()
#2 /var/www/oboli/vendor/laravel/framework/src/Illuminate/Routing/Controller.php(231): call_user_func_array(Array, Array)
#3 /var/www/oboli/bootstrap/compiled.php(5799): Illuminate\Routing\Controller->callAction('manageFacebookC...', Array)
#4 /var/www/oboli/bootstrap/compiled.php(5787): Illuminate\Routing\ControllerDispatcher->call(Object(AuthController), Object(Illuminate\Routing\Route), 'manageFacebookC...')
#5 /var/www/oboli/bootstrap/compiled.php(4986): Illuminate\Routing\ControllerDispatcher->dispatch(Object(Illuminate\Routing\Route), Object(Illuminate\Http\Request), 'AuthController', 'manageFacebookC...')
#6 [internal function]: Illuminate\Routing\Router->Illuminate\Routing\{closure}()
#7 /var/www/oboli/bootstrap/compiled.php(5345): call_user_func_array(Object(Closure), Array)
#8 /var/www/oboli/bootstrap/compiled.php(5011): Illuminate\Routing\Route->run(Object(Illuminate\Http\Request))
#9 /var/www/oboli/bootstrap/compiled.php(4999): Illuminate\Routing\Router->dispatchToRoute(Object(Illuminate\Http\Request))
#10 /var/www/oboli/bootstrap/compiled.php(722): Illuminate\Routing\Router->dispatch(Object(Illuminate\Http\Request))
#11 /var/www/oboli/bootstrap/compiled.php(703): Illuminate\Foundation\Application->dispatch(Object(Illuminate\Http\Request))
#12 /var/www/oboli/bootstrap/compiled.php(7763): Illuminate\Foundation\Application->handle(Object(Illuminate\Http\Request), 1, true)
#13 /var/www/oboli/bootstrap/compiled.php(8370): Illuminate\Session\Middleware->handle(Object(Illuminate\Http\Request), 1, true)
#14 /var/www/oboli/bootstrap/compiled.php(8317): Illuminate\Cookie\Queue->handle(Object(Illuminate\Http\Request), 1, true)
#15 /var/www/oboli/bootstrap/compiled.php(10955): Illuminate\Cookie\Guard->handle(Object(Illuminate\Http\Request), 1, true)
#16 /var/www/oboli/bootstrap/compiled.php(664): Stack\StackedHttpKernel->handle(Object(Illuminate\Http\Request))
#17 /var/www/oboli/public/index.php(49): Illuminate\Foundation\Application->run()
#18 {main} [] []
[2014-09-25 12:10:51] production.ERROR: exception 'Symfony\Component\HttpKernel\Exception\NotFoundHttpException' in /var/www/oboli/bootstrap/compiled.php:5702
Stack trace:
#0 /var/www/oboli/bootstrap/compiled.php(5019): Illuminate\Routing\RouteCollection->match(Object(Illuminate\Http\Request))
#1 /var/www/oboli/bootstrap/compiled.php(5007): Illuminate\Routing\Router->findRoute(Object(Illuminate\Http\Request))
#2 /var/www/oboli/bootstrap/compiled.php(4999): Illuminate\Routing\Router->dispatchToRoute(Object(Illuminate\Http\Request))
#3 /var/www/oboli/bootstrap/compiled.php(722): Illuminate\Routing\Router->dispatch(Object(Illuminate\Http\Request))
#4 /var/www/oboli/bootstrap/compiled.php(703): Illuminate\Foundation\Application->dispatch(Object(Illuminate\Http\Request))
#5 /var/www/oboli/bootstrap/compiled.php(7763): Illuminate\Foundation\Application->handle(Object(Illuminate\Http\Request), 1, true)
#6 /var/www/oboli/bootstrap/compiled.php(8370): Illuminate\Session\Middleware->handle(Object(Illuminate\Http\Request), 1, true)
#7 /var/www/oboli/bootstrap/compiled.php(8317): Illuminate\Cookie\Queue->handle(Object(Illuminate\Http\Request), 1, true)
#8 /var/www/oboli/bootstrap/compiled.php(10955): Illuminate\Cookie\Guard->handle(Object(Illuminate\Http\Request), 1, true)
#9 /var/www/oboli/bootstrap/compiled.php(664): Stack\StackedHttpKernel->handle(Object(Illuminate\Http\Request))
#10 /var/www/oboli/public/index.php(49): Illuminate\Foundation\Application->run()
#11 {main} [] []
[2014-09-25 12:10:51] production.ERROR: exception 'Symfony\Component\HttpKernel\Exception\NotFoundHttpException' in /var/www/oboli/bootstrap/compiled.php:5702
Stack trace:
#0 /var/www/oboli/bootstrap/compiled.php(5019): Illuminate\Routing\RouteCollection->match(Object(Illuminate\Http\Request))
#1 /var/www/oboli/bootstrap/compiled.php(5007): Illuminate\Routing\Router->findRoute(Object(Illuminate\Http\Request))
#2 /var/www/oboli/bootstrap/compiled.php(4999): Illuminate\Routing\Router->dispatchToRoute(Object(Illuminate\Http\Request))
#3 /var/www/oboli/bootstrap/compiled.php(722): Illuminate\Routing\Router->dispatch(Object(Illuminate\Http\Request))
#4 /var/www/oboli/bootstrap/compiled.php(703): Illuminate\Foundation\Application->dispatch(Object(Illuminate\Http\Request))
#5 /var/www/oboli/bootstrap/compiled.php(7763): Illuminate\Foundation\Application->handle(Object(Illuminate\Http\Request), 1, true)
#6 /var/www/oboli/bootstrap/compiled.php(8370): Illuminate\Session\Middleware->handle(Object(Illuminate\Http\Request), 1, true)
#7 /var/www/oboli/bootstrap/compiled.php(8317): Illuminate\Cookie\Queue->handle(Object(Illuminate\Http\Request), 1, true)
#8 /var/www/oboli/bootstrap/compiled.php(10955): Illuminate\Cookie\Guard->handle(Object(Illuminate\Http\Request), 1, true)
#9 /var/www/oboli/bootstrap/compiled.php(664): Stack\StackedHttpKernel->handle(Object(Illuminate\Http\Request))
#10 /var/www/oboli/public/index.php(49): Illuminate\Foundation\Application->run()
#11 {main} [] []
[2014-09-25 12:10:56] production.ERROR: exception 'BadMethodCallException' with message 'Call to undefined method Illuminate\Database\Query\Builder::getId()' in /var/www/oboli/vendor/laravel/framework/src/Illuminate/Database/Query/Builder.php:2117
Stack trace:
#0 [internal function]: Illuminate\Database\Query\Builder->__call('getId', Array)
#1 [internal function]: Illuminate\Database\Query\Builder->getId()
#2 /var/www/oboli/vendor/laravel/framework/src/Illuminate/Database/Eloquent/Builder.php(913): call_user_func_array(Array, Array)
#3 [internal function]: Illuminate\Database\Eloquent\Builder->__call('getId', Array)
#4 [internal function]: Illuminate\Database\Eloquent\Builder->getId()
#5 /var/www/oboli/bootstrap/compiled.php(7464): call_user_func_array(Array, Array)
#6 /var/www/oboli/app/controllers/CodeController.php(16): Illuminate\Database\Eloquent\Model->__call('getId', Array)
#7 /var/www/oboli/app/controllers/CodeController.php(16): User->getId()
#8 [internal function]: CodeController->useCode('54657IUedfi')
#9 /var/www/oboli/vendor/laravel/framework/src/Illuminate/Routing/Controller.php(231): call_user_func_array(Array, Array)
#10 /var/www/oboli/bootstrap/compiled.php(5799): Illuminate\Routing\Controller->callAction('useCode', Array)
#11 /var/www/oboli/bootstrap/compiled.php(5787): Illuminate\Routing\ControllerDispatcher->call(Object(CodeController), Object(Illuminate\Routing\Route), 'useCode')
#12 /var/www/oboli/bootstrap/compiled.php(4986): Illuminate\Routing\ControllerDispatcher->dispatch(Object(Illuminate\Routing\Route), Object(Illuminate\Http\Request), 'CodeController', 'useCode')
#13 [internal function]: Illuminate\Routing\Router->Illuminate\Routing\{closure}('54657IUedfi')
#14 /var/www/oboli/bootstrap/compiled.php(5345): call_user_func_array(Object(Closure), Array)
#15 /var/www/oboli/bootstrap/compiled.php(5011): Illuminate\Routing\Route->run(Object(Illuminate\Http\Request))
#16 /var/www/oboli/bootstrap/compiled.php(4999): Illuminate\Routing\Router->dispatchToRoute(Object(Illuminate\Http\Request))
#17 /var/www/oboli/bootstrap/compiled.php(722): Illuminate\Routing\Router->dispatch(Object(Illuminate\Http\Request))
#18 /var/www/oboli/bootstrap/compiled.php(703): Illuminate\Foundation\Application->dispatch(Object(Illuminate\Http\Request))
#19 /var/www/oboli/bootstrap/compiled.php(7763): Illuminate\Foundation\Application->handle(Object(Illuminate\Http\Request), 1, true)
#20 /var/www/oboli/bootstrap/compiled.php(8370): Illuminate\Session\Middleware->handle(Object(Illuminate\Http\Request), 1, true)
#21 /var/www/oboli/bootstrap/compiled.php(8317): Illuminate\Cookie\Queue->handle(Object(Illuminate\Http\Request), 1, true)
#22 /var/www/oboli/bootstrap/compiled.php(10955): Illuminate\Cookie\Guard->handle(Object(Illuminate\Http\Request), 1, true)
#23 /var/www/oboli/bootstrap/compiled.php(664): Stack\StackedHttpKernel->handle(Object(Illuminate\Http\Request))
#24 /var/www/oboli/public/index.php(49): Illuminate\Foundation\Application->run()
#25 {main} [] []
[2014-09-25 12:13:08] production.ERROR: exception 'ErrorException' with message 'call_user_func_array() expects parameter 1 to be a valid callback, no array or string given' in /var/www/oboli/bootstrap/compiled.php:5345
Stack trace:
#0 [internal function]: Illuminate\Exception\Handler->handleError(2, 'call_user_func_...', '/var/www/oboli/...', 5345, Array)
#1 /var/www/oboli/bootstrap/compiled.php(5345): call_user_func_array(NULL, Array)
#2 /var/www/oboli/bootstrap/compiled.php(5011): Illuminate\Routing\Route->run(Object(Illuminate\Http\Request))
#3 /var/www/oboli/bootstrap/compiled.php(4999): Illuminate\Routing\Router->dispatchToRoute(Object(Illuminate\Http\Request))
#4 /var/www/oboli/bootstrap/compiled.php(722): Illuminate\Routing\Router->dispatch(Object(Illuminate\Http\Request))
#5 /var/www/oboli/bootstrap/compiled.php(703): Illuminate\Foundation\Application->dispatch(Object(Illuminate\Http\Request))
#6 /var/www/oboli/bootstrap/compiled.php(7763): Illuminate\Foundation\Application->handle(Object(Illuminate\Http\Request), 1, true)
#7 /var/www/oboli/bootstrap/compiled.php(8370): Illuminate\Session\Middleware->handle(Object(Illuminate\Http\Request), 1, true)
#8 /var/www/oboli/bootstrap/compiled.php(8317): Illuminate\Cookie\Queue->handle(Object(Illuminate\Http\Request), 1, true)
#9 /var/www/oboli/bootstrap/compiled.php(10955): Illuminate\Cookie\Guard->handle(Object(Illuminate\Http\Request), 1, true)
#10 /var/www/oboli/bootstrap/compiled.php(664): Stack\StackedHttpKernel->handle(Object(Illuminate\Http\Request))
#11 /var/www/oboli/public/index.php(49): Illuminate\Foundation\Application->run()
#12 {main} [] []
[2014-09-25 12:15:31] production.ERROR: exception 'ErrorException' with message 'call_user_func_array() expects parameter 1 to be a valid callback, no array or string given' in /var/www/oboli/bootstrap/compiled.php:5345
Stack trace:
#0 [internal function]: Illuminate\Exception\Handler->handleError(2, 'call_user_func_...', '/var/www/oboli/...', 5345, Array)
#1 /var/www/oboli/bootstrap/compiled.php(5345): call_user_func_array(NULL, Array)
#2 /var/www/oboli/bootstrap/compiled.php(5011): Illuminate\Routing\Route->run(Object(Illuminate\Http\Request))
#3 /var/www/oboli/bootstrap/compiled.php(4999): Illuminate\Routing\Router->dispatchToRoute(Object(Illuminate\Http\Request))
#4 /var/www/oboli/bootstrap/compiled.php(722): Illuminate\Routing\Router->dispatch(Object(Illuminate\Http\Request))
#5 /var/www/oboli/bootstrap/compiled.php(703): Illuminate\Foundation\Application->dispatch(Object(Illuminate\Http\Request))
#6 /var/www/oboli/bootstrap/compiled.php(7763): Illuminate\Foundation\Application->handle(Object(Illuminate\Http\Request), 1, true)
#7 /var/www/oboli/bootstrap/compiled.php(8370): Illuminate\Session\Middleware->handle(Object(Illuminate\Http\Request), 1, true)
#8 /var/www/oboli/bootstrap/compiled.php(8317): Illuminate\Cookie\Queue->handle(Object(Illuminate\Http\Request), 1, true)
#9 /var/www/oboli/bootstrap/compiled.php(10955): Illuminate\Cookie\Guard->handle(Object(Illuminate\Http\Request), 1, true)
#10 /var/www/oboli/bootstrap/compiled.php(664): Stack\StackedHttpKernel->handle(Object(Illuminate\Http\Request))
#11 /var/www/oboli/public/index.php(49): Illuminate\Foundation\Application->run()
#12 {main} [] []
[2014-09-25 12:16:22] production.ERROR: exception 'ErrorException' with message 'call_user_func_array() expects parameter 1 to be a valid callback, no array or string given' in /var/www/oboli/bootstrap/compiled.php:5345
Stack trace:
#0 [internal function]: Illuminate\Exception\Handler->handleError(2, 'call_user_func_...', '/var/www/oboli/...', 5345, Array)
#1 /var/www/oboli/bootstrap/compiled.php(5345): call_user_func_array(NULL, Array)
#2 /var/www/oboli/bootstrap/compiled.php(5011): Illuminate\Routing\Route->run(Object(Illuminate\Http\Request))
#3 /var/www/oboli/bootstrap/compiled.php(4999): Illuminate\Routing\Router->dispatchToRoute(Object(Illuminate\Http\Request))
#4 /var/www/oboli/bootstrap/compiled.php(722): Illuminate\Routing\Router->dispatch(Object(Illuminate\Http\Request))
#5 /var/www/oboli/bootstrap/compiled.php(703): Illuminate\Foundation\Application->dispatch(Object(Illuminate\Http\Request))
#6 /var/www/oboli/bootstrap/compiled.php(7763): Illuminate\Foundation\Application->handle(Object(Illuminate\Http\Request), 1, true)
#7 /var/www/oboli/bootstrap/compiled.php(8370): Illuminate\Session\Middleware->handle(Object(Illuminate\Http\Request), 1, true)
#8 /var/www/oboli/bootstrap/compiled.php(8317): Illuminate\Cookie\Queue->handle(Object(Illuminate\Http\Request), 1, true)
#9 /var/www/oboli/bootstrap/compiled.php(10955): Illuminate\Cookie\Guard->handle(Object(Illuminate\Http\Request), 1, true)
#10 /var/www/oboli/bootstrap/compiled.php(664): Stack\StackedHttpKernel->handle(Object(Illuminate\Http\Request))
#11 /var/www/oboli/public/index.php(49): Illuminate\Foundation\Application->run()
#12 {main} [] []
[2014-09-25 12:18:59] production.ERROR: exception 'ErrorException' with message 'call_user_func_array() expects parameter 1 to be a valid callback, no array or string given' in /var/www/oboli/bootstrap/compiled.php:5345
Stack trace:
#0 [internal function]: Illuminate\Exception\Handler->handleError(2, 'call_user_func_...', '/var/www/oboli/...', 5345, Array)
#1 /var/www/oboli/bootstrap/compiled.php(5345): call_user_func_array(NULL, Array)
#2 /var/www/oboli/bootstrap/compiled.php(5011): Illuminate\Routing\Route->run(Object(Illuminate\Http\Request))
#3 /var/www/oboli/bootstrap/compiled.php(4999): Illuminate\Routing\Router->dispatchToRoute(Object(Illuminate\Http\Request))
#4 /var/www/oboli/bootstrap/compiled.php(722): Illuminate\Routing\Router->dispatch(Object(Illuminate\Http\Request))
#5 /var/www/oboli/bootstrap/compiled.php(703): Illuminate\Foundation\Application->dispatch(Object(Illuminate\Http\Request))
#6 /var/www/oboli/bootstrap/compiled.php(7763): Illuminate\Foundation\Application->handle(Object(Illuminate\Http\Request), 1, true)
#7 /var/www/oboli/bootstrap/compiled.php(8370): Illuminate\Session\Middleware->handle(Object(Illuminate\Http\Request), 1, true)
#8 /var/www/oboli/bootstrap/compiled.php(8317): Illuminate\Cookie\Queue->handle(Object(Illuminate\Http\Request), 1, true)
#9 /var/www/oboli/bootstrap/compiled.php(10955): Illuminate\Cookie\Guard->handle(Object(Illuminate\Http\Request), 1, true)
#10 /var/www/oboli/bootstrap/compiled.php(664): Stack\StackedHttpKernel->handle(Object(Illuminate\Http\Request))
#11 /var/www/oboli/public/index.php(49): Illuminate\Foundation\Application->run()
#12 {main} [] []
[2014-09-25 12:19:40] production.ERROR: exception 'BadMethodCallException' with message 'Call to undefined method Illuminate\Database\Query\Builder::getName()' in /var/www/oboli/vendor/laravel/framework/src/Illuminate/Database/Query/Builder.php:2117
Stack trace:
#0 [internal function]: Illuminate\Database\Query\Builder->__call('getName', Array)
#1 [internal function]: Illuminate\Database\Query\Builder->getName()
#2 /var/www/oboli/vendor/laravel/framework/src/Illuminate/Database/Eloquent/Builder.php(913): call_user_func_array(Array, Array)
#3 [internal function]: Illuminate\Database\Eloquent\Builder->__call('getName', Array)
#4 [internal function]: Illuminate\Database\Eloquent\Builder->getName()
#5 /var/www/oboli/bootstrap/compiled.php(7464): call_user_func_array(Array, Array)
#6 /var/www/oboli/app/storage/views/27026aa1eade08ea33ca000916dafa83(98): Illuminate\Database\Eloquent\Model->__call('getName', Array)
#7 /var/www/oboli/app/storage/views/27026aa1eade08ea33ca000916dafa83(98): User->getName()
#8 /var/www/oboli/bootstrap/compiled.php(9798): include('/var/www/oboli/...')
#9 /var/www/oboli/vendor/laravel/framework/src/Illuminate/View/Engines/CompilerEngine.php(56): Illuminate\View\Engines\PhpEngine->evaluatePath('/var/www/oboli/...', Array)
#10 /var/www/oboli/bootstrap/compiled.php(9676): Illuminate\View\Engines\CompilerEngine->get('/var/www/oboli/...', Array)
#11 /var/www/oboli/bootstrap/compiled.php(9663): Illuminate\View\View->getContents()
#12 /var/www/oboli/bootstrap/compiled.php(9654): Illuminate\View\View->renderContents()
#13 /var/www/oboli/bootstrap/compiled.php(10355): Illuminate\View\View->render()
#14 /var/www/oboli/bootstrap/compiled.php(9886): Illuminate\Http\Response->setContent(Object(Illuminate\View\View))
#15 /var/www/oboli/bootstrap/compiled.php(5205): Symfony\Component\HttpFoundation\Response->__construct(Object(Illuminate\View\View))
#16 /var/www/oboli/bootstrap/compiled.php(5013): Illuminate\Routing\Router->prepareResponse(Object(Illuminate\Http\Request), Object(Illuminate\View\View))
#17 /var/www/oboli/bootstrap/compiled.php(4999): Illuminate\Routing\Router->dispatchToRoute(Object(Illuminate\Http\Request))
#18 /var/www/oboli/bootstrap/compiled.php(722): Illuminate\Routing\Router->dispatch(Object(Illuminate\Http\Request))
#19 /var/www/oboli/bootstrap/compiled.php(703): Illuminate\Foundation\Application->dispatch(Object(Illuminate\Http\Request))
#20 /var/www/oboli/bootstrap/compiled.php(7763): Illuminate\Foundation\Application->handle(Object(Illuminate\Http\Request), 1, true)
#21 /var/www/oboli/bootstrap/compiled.php(8370): Illuminate\Session\Middleware->handle(Object(Illuminate\Http\Request), 1, true)
#22 /var/www/oboli/bootstrap/compiled.php(8317): Illuminate\Cookie\Queue->handle(Object(Illuminate\Http\Request), 1, true)
#23 /var/www/oboli/bootstrap/compiled.php(10955): Illuminate\Cookie\Guard->handle(Object(Illuminate\Http\Request), 1, true)
#24 /var/www/oboli/bootstrap/compiled.php(664): Stack\StackedHttpKernel->handle(Object(Illuminate\Http\Request))
#25 /var/www/oboli/public/index.php(49): Illuminate\Foundation\Application->run()
#26 {main}

Next exception 'ErrorException' with message 'Call to undefined method Illuminate\Database\Query\Builder::getName() (View: /var/www/oboli/app/views/ngo.blade.php)' in /var/www/oboli/vendor/laravel/framework/src/Illuminate/Database/Query/Builder.php:2117
Stack trace:
#0 /var/www/oboli/bootstrap/compiled.php(9800): Illuminate\View\Engines\CompilerEngine->handleViewException(Object(BadMethodCallException), 1)
#1 /var/www/oboli/vendor/laravel/framework/src/Illuminate/View/Engines/CompilerEngine.php(56): Illuminate\View\Engines\PhpEngine->evaluatePath('/var/www/oboli/...', Array)
#2 /var/www/oboli/bootstrap/compiled.php(9676): Illuminate\View\Engines\CompilerEngine->get('/var/www/oboli/...', Array)
#3 /var/www/oboli/bootstrap/compiled.php(9663): Illuminate\View\View->getContents()
#4 /var/www/oboli/bootstrap/compiled.php(9654): Illuminate\View\View->renderContents()
#5 /var/www/oboli/bootstrap/compiled.php(10355): Illuminate\View\View->render()
#6 /var/www/oboli/bootstrap/compiled.php(9886): Illuminate\Http\Response->setContent(Object(Illuminate\View\View))
#7 /var/www/oboli/bootstrap/compiled.php(5205): Symfony\Component\HttpFoundation\Response->__construct(Object(Illuminate\View\View))
#8 /var/www/oboli/bootstrap/compiled.php(5013): Illuminate\Routing\Router->prepareResponse(Object(Illuminate\Http\Request), Object(Illuminate\View\View))
#9 /var/www/oboli/bootstrap/compiled.php(4999): Illuminate\Routing\Router->dispatchToRoute(Object(Illuminate\Http\Request))
#10 /var/www/oboli/bootstrap/compiled.php(722): Illuminate\Routing\Router->dispatch(Object(Illuminate\Http\Request))
#11 /var/www/oboli/bootstrap/compiled.php(703): Illuminate\Foundation\Application->dispatch(Object(Illuminate\Http\Request))
#12 /var/www/oboli/bootstrap/compiled.php(7763): Illuminate\Foundation\Application->handle(Object(Illuminate\Http\Request), 1, true)
#13 /var/www/oboli/bootstrap/compiled.php(8370): Illuminate\Session\Middleware->handle(Object(Illuminate\Http\Request), 1, true)
#14 /var/www/oboli/bootstrap/compiled.php(8317): Illuminate\Cookie\Queue->handle(Object(Illuminate\Http\Request), 1, true)
#15 /var/www/oboli/bootstrap/compiled.php(10955): Illuminate\Cookie\Guard->handle(Object(Illuminate\Http\Request), 1, true)
#16 /var/www/oboli/bootstrap/compiled.php(664): Stack\StackedHttpKernel->handle(Object(Illuminate\Http\Request))
#17 /var/www/oboli/public/index.php(49): Illuminate\Foundation\Application->run()
#18 {main} [] []
[2014-09-25 12:20:57] production.ERROR: exception 'Symfony\Component\HttpKernel\Exception\NotFoundHttpException' in /var/www/oboli/bootstrap/compiled.php:5702
Stack trace:
#0 /var/www/oboli/bootstrap/compiled.php(5019): Illuminate\Routing\RouteCollection->match(Object(Illuminate\Http\Request))
#1 /var/www/oboli/bootstrap/compiled.php(5007): Illuminate\Routing\Router->findRoute(Object(Illuminate\Http\Request))
#2 /var/www/oboli/bootstrap/compiled.php(4999): Illuminate\Routing\Router->dispatchToRoute(Object(Illuminate\Http\Request))
#3 /var/www/oboli/bootstrap/compiled.php(722): Illuminate\Routing\Router->dispatch(Object(Illuminate\Http\Request))
#4 /var/www/oboli/bootstrap/compiled.php(703): Illuminate\Foundation\Application->dispatch(Object(Illuminate\Http\Request))
#5 /var/www/oboli/bootstrap/compiled.php(7763): Illuminate\Foundation\Application->handle(Object(Illuminate\Http\Request), 1, true)
#6 /var/www/oboli/bootstrap/compiled.php(8370): Illuminate\Session\Middleware->handle(Object(Illuminate\Http\Request), 1, true)
#7 /var/www/oboli/bootstrap/compiled.php(8317): Illuminate\Cookie\Queue->handle(Object(Illuminate\Http\Request), 1, true)
#8 /var/www/oboli/bootstrap/compiled.php(10955): Illuminate\Cookie\Guard->handle(Object(Illuminate\Http\Request), 1, true)
#9 /var/www/oboli/bootstrap/compiled.php(664): Stack\StackedHttpKernel->handle(Object(Illuminate\Http\Request))
#10 /var/www/oboli/public/index.php(49): Illuminate\Foundation\Application->run()
#11 {main} [] []
[2014-09-25 12:20:57] production.ERROR: exception 'Symfony\Component\HttpKernel\Exception\NotFoundHttpException' in /var/www/oboli/bootstrap/compiled.php:5702
Stack trace:
#0 /var/www/oboli/bootstrap/compiled.php(5019): Illuminate\Routing\RouteCollection->match(Object(Illuminate\Http\Request))
#1 /var/www/oboli/bootstrap/compiled.php(5007): Illuminate\Routing\Router->findRoute(Object(Illuminate\Http\Request))
#2 /var/www/oboli/bootstrap/compiled.php(4999): Illuminate\Routing\Router->dispatchToRoute(Object(Illuminate\Http\Request))
#3 /var/www/oboli/bootstrap/compiled.php(722): Illuminate\Routing\Router->dispatch(Object(Illuminate\Http\Request))
#4 /var/www/oboli/bootstrap/compiled.php(703): Illuminate\Foundation\Application->dispatch(Object(Illuminate\Http\Request))
#5 /var/www/oboli/bootstrap/compiled.php(7763): Illuminate\Foundation\Application->handle(Object(Illuminate\Http\Request), 1, true)
#6 /var/www/oboli/bootstrap/compiled.php(8370): Illuminate\Session\Middleware->handle(Object(Illuminate\Http\Request), 1, true)
#7 /var/www/oboli/bootstrap/compiled.php(8317): Illuminate\Cookie\Queue->handle(Object(Illuminate\Http\Request), 1, true)
#8 /var/www/oboli/bootstrap/compiled.php(10955): Illuminate\Cookie\Guard->handle(Object(Illuminate\Http\Request), 1, true)
#9 /var/www/oboli/bootstrap/compiled.php(664): Stack\StackedHttpKernel->handle(Object(Illuminate\Http\Request))
#10 /var/www/oboli/public/index.php(49): Illuminate\Foundation\Application->run()
#11 {main} [] []
